<?xml version="1.0" encoding="UTF-8"?>
<!-- Generated by org.testng.reporters.JUnitXMLReporter -->
<testsuite hostname="IT302980" name="Test" tests="3" failures="0" timestamp="14 Jan 2021 04:03:35 GMT" time="100.216" errors="0">
  <testcase name="verifyLoginandLogout" time="15.315" classname="testNGMethods.DataProviderWithExcel"/>
  <testcase name="verifyLoginandLogout" time="20.652" classname="testNGMethods.DataProviderWithExcel"/>
  <testcase name="verifyLoginandLogout" time="21.759" classname="testNGMethods.DataProviderWithExcel"/>
</testsuite> <!-- Test -->
